<?xml version="1.0" encoding="UTF-8"?>
<!-- Generated by org.testng.reporters.JUnitReportReporter -->
<testsuite hostname="DESKTOP-41HVAOL" failures="0" tests="1" name="runners.CRMRunner" time="31.281" errors="0" timestamp="2021-11-18T23:06:20 GMT-08:00" skipped="0">
  <testcase classname="runners.CRMRunner" name="runScenario" time="31.281"/>
  <system-out/>
</testsuite> <!-- runners.CRMRunner -->
