<?xml version="1.0" encoding="UTF-8"?>
<!-- Generated by org.testng.reporters.JUnitReportReporter -->
<testsuite hostname="DESKTOP-41HVAOL" failures="0" tests="1" name="runners.CRMRunner" time="18.430" errors="0" timestamp="2021-11-17T23:40:46 GMT-08:00" skipped="0">
  <testcase classname="runners.CRMRunner" name="runScenario" time="18.430"/>
  <system-out/>
</testsuite> <!-- runners.CRMRunner -->
